{"C:\\repository\\assa\\monorepo-task-manager\\apps\\task-web\\src\\components\\Button\\index.tsx": {"path":"C:\\repository\\assa\\monorepo-task-manager\\apps\\task-web\\src\\components\\Button\\index.tsx","statementMap":{"0":{"start":{"line":2,"column":0},"end":{"line":2,"column":48}},"1":{"start":{"line":3,"column":0},"end":{"line":3,"column":42}},"2":{"start":{"line":7,"column":24},"end":{"line":36,"column":1}},"3":{"start":{"line":8,"column":2},"end":{"line":35,"column":3}},"4":{"start":{"line":10,"column":6},"end":{"line":17,"column":8}},"5":{"start":{"line":19,"column":6},"end":{"line":25,"column":8}},"6":{"start":{"line":27,"column":6},"end":{"line":34,"column":8}},"7":{"start":{"line":38,"column":21},"end":{"line":56,"column":2}},"8":{"start":{"line":40,"column":20},"end":{"line":40,"column":41}},"9":{"start":{"line":66,"column":45},"end":{"line":83,"column":1}},"10":{"start":{"line":73,"column":2},"end":{"line":82,"column":4}},"11":{"start":{"line":66,"column":13},"end":{"line":66,"column":45}}},"fnMap":{"0":{"name":"(anonymous_0)","decl":{"start":{"line":7,"column":24},"end":{"line":7,"column":25}},"loc":{"start":{"line":7,"column":45},"end":{"line":36,"column":1}}},"1":{"name":"(anonymous_1)","decl":{"start":{"line":40,"column":6},"end":{"line":40,"column":7}},"loc":{"start":{"line":40,"column":20},"end":{"line":40,"column":41}}},"2":{"name":"(anonymous_2)","decl":{"start":{"line":66,"column":45},"end":{"line":66,"column":46}},"loc":{"start":{"line":72,"column":5},"end":{"line":83,"column":1}}}},"branchMap":{"0":{"loc":{"start":{"line":8,"column":2},"end":{"line":35,"column":3}},"type":"switch","locations":[{"start":{"line":9,"column":4},"end":{"line":17,"column":8}},{"start":{"line":18,"column":4},"end":{"line":25,"column":8}},{"start":{"line":26,"column":4},"end":{"line":34,"column":8}}]},"1":{"loc":{"start":{"line":67,"column":2},"end":{"line":67,"column":18}},"type":"default-arg","locations":[{"start":{"line":67,"column":9},"end":{"line":67,"column":18}}]},"2":{"loc":{"start":{"line":68,"column":2},"end":{"line":68,"column":18}},"type":"default-arg","locations":[{"start":{"line":68,"column":13},"end":{"line":68,"column":18}}]}},"s":{"0":5,"1":5,"2":5,"3":26,"4":8,"5":11,"6":7,"7":5,"8":26,"9":5,"10":26,"11":5},"f":{"0":26,"1":26,"2":26},"b":{"0":[8,11,7],"1":[4],"2":[25]}}
,"C:\\repository\\assa\\monorepo-task-manager\\apps\\task-web\\src\\components\\CreateNewTask\\index.tsx": {"path":"C:\\repository\\assa\\monorepo-task-manager\\apps\\task-web\\src\\components\\CreateNewTask\\index.tsx","statementMap":{"0":{"start":{"line":1,"column":0},"end":{"line":1,"column":46}},"1":{"start":{"line":2,"column":0},"end":{"line":2,"column":57}},"2":{"start":{"line":4,"column":0},"end":{"line":4,"column":59}},"3":{"start":{"line":5,"column":0},"end":{"line":5,"column":41}},"4":{"start":{"line":6,"column":0},"end":{"line":6,"column":47}},"5":{"start":{"line":7,"column":0},"end":{"line":7,"column":41}},"6":{"start":{"line":8,"column":0},"end":{"line":8,"column":39}},"7":{"start":{"line":10,"column":29},"end":{"line":90,"column":1}},"8":{"start":{"line":11,"column":22},"end":{"line":11,"column":38}},"9":{"start":{"line":13,"column":34},"end":{"line":13,"column":54}},"10":{"start":{"line":14,"column":28},"end":{"line":14,"column":48}},"11":{"start":{"line":16,"column":30},"end":{"line":16,"column":54}},"12":{"start":{"line":18,"column":21},"end":{"line":20,"column":3}},"13":{"start":{"line":19,"column":4},"end":{"line":19,"column":20}},"14":{"start":{"line":22,"column":22},"end":{"line":25,"column":3}},"15":{"start":{"line":23,"column":4},"end":{"line":23,"column":21}},"16":{"start":{"line":24,"column":4},"end":{"line":24,"column":17}},"17":{"start":{"line":27,"column":31},"end":{"line":30,"column":3}},"18":{"start":{"line":28,"column":4},"end":{"line":28,"column":36}},"19":{"start":{"line":29,"column":4},"end":{"line":29,"column":17}},"20":{"start":{"line":32,"column":24},"end":{"line":41,"column":3}},"21":{"start":{"line":33,"column":4},"end":{"line":40,"column":5}},"22":{"start":{"line":35,"column":6},"end":{"line":35,"column":58}},"23":{"start":{"line":37,"column":6},"end":{"line":37,"column":34}},"24":{"start":{"line":38,"column":6},"end":{"line":38,"column":20}},"25":{"start":{"line":39,"column":6},"end":{"line":39,"column":22}},"26":{"start":{"line":42,"column":2},"end":{"line":89,"column":4}},"27":{"start":{"line":10,"column":13},"end":{"line":10,"column":29}}},"fnMap":{"0":{"name":"(anonymous_0)","decl":{"start":{"line":10,"column":29},"end":{"line":10,"column":32}},"loc":{"start":{"line":10,"column":34},"end":{"line":90,"column":1}}},"1":{"name":"(anonymous_1)","decl":{"start":{"line":18,"column":21},"end":{"line":18,"column":24}},"loc":{"start":{"line":18,"column":26},"end":{"line":20,"column":3}}},"2":{"name":"(anonymous_2)","decl":{"start":{"line":22,"column":22},"end":{"line":22,"column":25}},"loc":{"start":{"line":22,"column":27},"end":{"line":25,"column":3}}},"3":{"name":"(anonymous_3)","decl":{"start":{"line":27,"column":31},"end":{"line":27,"column":32}},"loc":{"start":{"line":27,"column":72},"end":{"line":30,"column":3}}},"4":{"name":"(anonymous_4)","decl":{"start":{"line":32,"column":24},"end":{"line":32,"column":27}},"loc":{"start":{"line":32,"column":29},"end":{"line":41,"column":3}}}},"branchMap":{"0":{"loc":{"start":{"line":33,"column":4},"end":{"line":40,"column":5}},"type":"if","locations":[{"start":{"line":33,"column":4},"end":{"line":40,"column":5}},{"start":{"line":36,"column":11},"end":{"line":40,"column":5}}]}},"s":{"0":1,"1":1,"2":1,"3":1,"4":1,"5":1,"6":1,"7":1,"8":13,"9":13,"10":13,"11":13,"12":13,"13":4,"14":13,"15":1,"16":1,"17":13,"18":2,"19":2,"20":13,"21":2,"22":1,"23":1,"24":1,"25":1,"26":13,"27":1},"f":{"0":13,"1":4,"2":1,"3":2,"4":2},"b":{"0":[1,1]}}
,"C:\\repository\\assa\\monorepo-task-manager\\apps\\task-web\\src\\components\\CustomAvatar\\index.tsx": {"path":"C:\\repository\\assa\\monorepo-task-manager\\apps\\task-web\\src\\components\\CustomAvatar\\index.tsx","statementMap":{"0":{"start":{"line":1,"column":0},"end":{"line":1,"column":40}},"1":{"start":{"line":2,"column":0},"end":{"line":2,"column":54}},"2":{"start":{"line":4,"column":0},"end":{"line":4,"column":54}},"3":{"start":{"line":11,"column":28},"end":{"line":56,"column":1}},"4":{"start":{"line":12,"column":29},"end":{"line":12,"column":34}},"5":{"start":{"line":13,"column":42},"end":{"line":13,"column":56}},"6":{"start":{"line":15,"column":26},"end":{"line":17,"column":3}},"7":{"start":{"line":16,"column":4},"end":{"line":16,"column":27}},"8":{"start":{"line":19,"column":27},"end":{"line":21,"column":3}},"9":{"start":{"line":20,"column":4},"end":{"line":20,"column":27}},"10":{"start":{"line":23,"column":2},"end":{"line":55,"column":4}},"11":{"start":{"line":11,"column":13},"end":{"line":11,"column":28}}},"fnMap":{"0":{"name":"(anonymous_0)","decl":{"start":{"line":11,"column":28},"end":{"line":11,"column":29}},"loc":{"start":{"line":11,"column":45},"end":{"line":56,"column":1}}},"1":{"name":"(anonymous_1)","decl":{"start":{"line":15,"column":26},"end":{"line":15,"column":29}},"loc":{"start":{"line":15,"column":31},"end":{"line":17,"column":3}}},"2":{"name":"(anonymous_2)","decl":{"start":{"line":19,"column":27},"end":{"line":19,"column":30}},"loc":{"start":{"line":19,"column":32},"end":{"line":21,"column":3}}}},"branchMap":{"0":{"loc":{"start":{"line":25,"column":7},"end":{"line":43,"column":null}},"type":"binary-expr","locations":[{"start":{"line":25,"column":7},"end":{"line":25,"column":19}},{"start":{"line":26,"column":8},"end":{"line":42,"column":null}}]}},"s":{"0":1,"1":1,"2":1,"3":1,"4":5,"5":5,"6":5,"7":1,"8":5,"9":1,"10":5,"11":1},"f":{"0":5,"1":1,"2":1},"b":{"0":[5,3]}}
,"C:\\repository\\assa\\monorepo-task-manager\\apps\\task-web\\src\\components\\CustomAvatar\\utils\\avatarFromName.ts": {"path":"C:\\repository\\assa\\monorepo-task-manager\\apps\\task-web\\src\\components\\CustomAvatar\\utils\\avatarFromName.ts","statementMap":{"0":{"start":{"line":2,"column":13},"end":{"line":2,"column":14}},"1":{"start":{"line":6,"column":2},"end":{"line":8,"column":3}},"2":{"start":{"line":7,"column":4},"end":{"line":7,"column":55}},"3":{"start":{"line":10,"column":14},"end":{"line":10,"column":17}},"4":{"start":{"line":12,"column":2},"end":{"line":15,"column":3}},"5":{"start":{"line":13,"column":18},"end":{"line":13,"column":42}},"6":{"start":{"line":14,"column":4},"end":{"line":14,"column":49}},"7":{"start":{"line":18,"column":2},"end":{"line":18,"column":15}},"8":{"start":{"line":1,"column":0},"end":{"line":1,"column":16}},"9":{"start":{"line":22,"column":2},"end":{"line":27,"column":4}},"10":{"start":{"line":21,"column":0},"end":{"line":21,"column":16}}},"fnMap":{"0":{"name":"stringToColor","decl":{"start":{"line":1,"column":16},"end":{"line":1,"column":29}},"loc":{"start":{"line":1,"column":44},"end":{"line":19,"column":1}}},"1":{"name":"stringAvatar","decl":{"start":{"line":21,"column":16},"end":{"line":21,"column":28}},"loc":{"start":{"line":21,"column":41},"end":{"line":28,"column":1}}}},"branchMap":{},"s":{"0":5,"1":5,"2":40,"3":5,"4":5,"5":15,"6":15,"7":5,"8":1,"9":5,"10":1},"f":{"0":5,"1":5},"b":{}}
,"C:\\repository\\assa\\monorepo-task-manager\\apps\\task-web\\src\\components\\DeleteTask\\index.tsx": {"path":"C:\\repository\\assa\\monorepo-task-manager\\apps\\task-web\\src\\components\\DeleteTask\\index.tsx","statementMap":{"0":{"start":{"line":1,"column":0},"end":{"line":1,"column":33}},"1":{"start":{"line":2,"column":0},"end":{"line":2,"column":57}},"2":{"start":{"line":4,"column":0},"end":{"line":4,"column":59}},"3":{"start":{"line":5,"column":0},"end":{"line":5,"column":41}},"4":{"start":{"line":6,"column":0},"end":{"line":6,"column":47}},"5":{"start":{"line":7,"column":0},"end":{"line":7,"column":39}},"6":{"start":{"line":13,"column":26},"end":{"line":72,"column":1}},"7":{"start":{"line":14,"column":17},"end":{"line":14,"column":22}},"8":{"start":{"line":16,"column":25},"end":{"line":16,"column":41}},"9":{"start":{"line":18,"column":30},"end":{"line":18,"column":45}},"10":{"start":{"line":20,"column":21},"end":{"line":22,"column":3}},"11":{"start":{"line":21,"column":4},"end":{"line":21,"column":20}},"12":{"start":{"line":24,"column":22},"end":{"line":26,"column":3}},"13":{"start":{"line":25,"column":4},"end":{"line":25,"column":21}},"14":{"start":{"line":28,"column":27},"end":{"line":30,"column":3}},"15":{"start":{"line":29,"column":4},"end":{"line":29,"column":19}},"16":{"start":{"line":32,"column":2},"end":{"line":71,"column":4}},"17":{"start":{"line":13,"column":13},"end":{"line":13,"column":26}}},"fnMap":{"0":{"name":"(anonymous_0)","decl":{"start":{"line":13,"column":26},"end":{"line":13,"column":27}},"loc":{"start":{"line":13,"column":43},"end":{"line":72,"column":1}}},"1":{"name":"(anonymous_1)","decl":{"start":{"line":20,"column":21},"end":{"line":20,"column":24}},"loc":{"start":{"line":20,"column":26},"end":{"line":22,"column":3}}},"2":{"name":"(anonymous_2)","decl":{"start":{"line":24,"column":22},"end":{"line":24,"column":25}},"loc":{"start":{"line":24,"column":27},"end":{"line":26,"column":3}}},"3":{"name":"(anonymous_3)","decl":{"start":{"line":28,"column":27},"end":{"line":28,"column":30}},"loc":{"start":{"line":28,"column":32},"end":{"line":30,"column":3}}}},"branchMap":{},"s":{"0":2,"1":2,"2":2,"3":2,"4":2,"5":2,"6":2,"7":16,"8":16,"9":16,"10":16,"11":3,"12":16,"13":1,"14":16,"15":1,"16":16,"17":2},"f":{"0":16,"1":3,"2":1,"3":1},"b":{}}
,"C:\\repository\\assa\\monorepo-task-manager\\apps\\task-web\\src\\components\\EmptyTaskMessage\\index.tsx": {"path":"C:\\repository\\assa\\monorepo-task-manager\\apps\\task-web\\src\\components\\EmptyTaskMessage\\index.tsx","statementMap":{"0":{"start":{"line":1,"column":0},"end":{"line":1,"column":48}},"1":{"start":{"line":2,"column":0},"end":{"line":2,"column":50}},"2":{"start":{"line":4,"column":32},"end":{"line":15,"column":1}},"3":{"start":{"line":5,"column":2},"end":{"line":14,"column":4}},"4":{"start":{"line":4,"column":13},"end":{"line":4,"column":32}}},"fnMap":{"0":{"name":"(anonymous_0)","decl":{"start":{"line":4,"column":32},"end":{"line":4,"column":35}},"loc":{"start":{"line":4,"column":37},"end":{"line":15,"column":1}}}},"branchMap":{},"s":{"0":1,"1":1,"2":1,"3":1,"4":1},"f":{"0":1},"b":{}}
,"C:\\repository\\assa\\monorepo-task-manager\\apps\\task-web\\src\\components\\IcoButton\\index.tsx": {"path":"C:\\repository\\assa\\monorepo-task-manager\\apps\\task-web\\src\\components\\IcoButton\\index.tsx","statementMap":{"0":{"start":{"line":2,"column":0},"end":{"line":2,"column":48}},"1":{"start":{"line":3,"column":0},"end":{"line":3,"column":52}},"2":{"start":{"line":4,"column":0},"end":{"line":4,"column":66}},"3":{"start":{"line":8,"column":28},"end":{"line":36,"column":1}},"4":{"start":{"line":9,"column":2},"end":{"line":35,"column":3}},"5":{"start":{"line":11,"column":6},"end":{"line":17,"column":8}},"6":{"start":{"line":19,"column":6},"end":{"line":25,"column":8}},"7":{"start":{"line":27,"column":6},"end":{"line":34,"column":8}},"8":{"start":{"line":38,"column":21},"end":{"line":52,"column":2}},"9":{"start":{"line":41,"column":20},"end":{"line":41,"column":45}},"10":{"start":{"line":62,"column":48},"end":{"line":78,"column":1}},"11":{"start":{"line":69,"column":23},"end":{"line":69,"column":62}},"12":{"start":{"line":69,"column":46},"end":{"line":69,"column":61}},"13":{"start":{"line":71,"column":2},"end":{"line":77,"column":4}},"14":{"start":{"line":62,"column":13},"end":{"line":62,"column":48}}},"fnMap":{"0":{"name":"(anonymous_0)","decl":{"start":{"line":8,"column":28},"end":{"line":8,"column":29}},"loc":{"start":{"line":8,"column":53},"end":{"line":36,"column":1}}},"1":{"name":"(anonymous_1)","decl":{"start":{"line":41,"column":6},"end":{"line":41,"column":7}},"loc":{"start":{"line":41,"column":20},"end":{"line":41,"column":45}}},"2":{"name":"(anonymous_2)","decl":{"start":{"line":62,"column":48},"end":{"line":62,"column":49}},"loc":{"start":{"line":68,"column":5},"end":{"line":78,"column":1}}},"3":{"name":"(anonymous_3)","decl":{"start":{"line":69,"column":39},"end":{"line":69,"column":40}},"loc":{"start":{"line":69,"column":46},"end":{"line":69,"column":61}}}},"branchMap":{"0":{"loc":{"start":{"line":9,"column":2},"end":{"line":35,"column":3}},"type":"switch","locations":[{"start":{"line":10,"column":4},"end":{"line":17,"column":8}},{"start":{"line":18,"column":4},"end":{"line":25,"column":8}},{"start":{"line":26,"column":4},"end":{"line":34,"column":8}}]},"1":{"loc":{"start":{"line":73,"column":7},"end":{"line":74,"column":null}},"type":"binary-expr","locations":[{"start":{"line":73,"column":7},"end":{"line":73,"column":19}},{"start":{"line":73,"column":23},"end":{"line":73,"column":40}},{"start":{"line":74,"column":8},"end":{"line":74,"column":49}}]}},"s":{"0":4,"1":4,"2":4,"3":4,"4":41,"5":21,"6":18,"7":2,"8":4,"9":41,"10":4,"11":41,"12":483,"13":41,"14":4},"f":{"0":41,"1":41,"2":41,"3":483},"b":{"0":[21,18,2],"1":[41,41,12]}}
,"C:\\repository\\assa\\monorepo-task-manager\\apps\\task-web\\src\\components\\InputText\\index.tsx": {"path":"C:\\repository\\assa\\monorepo-task-manager\\apps\\task-web\\src\\components\\InputText\\index.tsx","statementMap":{"0":{"start":{"line":2,"column":0},"end":{"line":2,"column":54}},"1":{"start":{"line":10,"column":25},"end":{"line":27,"column":1}},"2":{"start":{"line":11,"column":37},"end":{"line":11,"column":42}},"3":{"start":{"line":12,"column":2},"end":{"line":26,"column":4}},"4":{"start":{"line":10,"column":13},"end":{"line":10,"column":25}}},"fnMap":{"0":{"name":"(anonymous_0)","decl":{"start":{"line":10,"column":25},"end":{"line":10,"column":26}},"loc":{"start":{"line":10,"column":42},"end":{"line":27,"column":1}}}},"branchMap":{"0":{"loc":{"start":{"line":20,"column":7},"end":{"line":23,"column":null}},"type":"binary-expr","locations":[{"start":{"line":20,"column":7},"end":{"line":20,"column":12}},{"start":{"line":21,"column":8},"end":{"line":22,"column":null}}]}},"s":{"0":2,"1":2,"2":11,"3":11,"4":2},"f":{"0":11},"b":{"0":[11,2]}}
,"C:\\repository\\assa\\monorepo-task-manager\\apps\\task-web\\src\\components\\Layout\\index.tsx": {"path":"C:\\repository\\assa\\monorepo-task-manager\\apps\\task-web\\src\\components\\Layout\\index.tsx","statementMap":{"0":{"start":{"line":2,"column":0},"end":{"line":2,"column":36}},"1":{"start":{"line":4,"column":0},"end":{"line":16,"column":3}},"2":{"start":{"line":5,"column":2},"end":{"line":15,"column":4}}},"fnMap":{"0":{"name":"Layout","decl":{"start":{"line":4,"column":25},"end":{"line":4,"column":31}},"loc":{"start":{"line":4,"column":69},"end":{"line":16,"column":1}}}},"branchMap":{},"s":{"0":1,"1":1,"2":1},"f":{"0":1},"b":{}}
,"C:\\repository\\assa\\monorepo-task-manager\\apps\\task-web\\src\\components\\Loading\\index.tsx": {"path":"C:\\repository\\assa\\monorepo-task-manager\\apps\\task-web\\src\\components\\Loading\\index.tsx","statementMap":{"0":{"start":{"line":1,"column":0},"end":{"line":1,"column":54}},"1":{"start":{"line":3,"column":23},"end":{"line":18,"column":1}},"2":{"start":{"line":4,"column":2},"end":{"line":17,"column":4}},"3":{"start":{"line":3,"column":13},"end":{"line":3,"column":23}}},"fnMap":{"0":{"name":"(anonymous_0)","decl":{"start":{"line":3,"column":23},"end":{"line":3,"column":26}},"loc":{"start":{"line":3,"column":28},"end":{"line":18,"column":1}}}},"branchMap":{},"s":{"0":1,"1":1,"2":1,"3":1},"f":{"0":1},"b":{}}
,"C:\\repository\\assa\\monorepo-task-manager\\apps\\task-web\\src\\components\\Modal\\index.tsx": {"path":"C:\\repository\\assa\\monorepo-task-manager\\apps\\task-web\\src\\components\\Modal\\index.tsx","statementMap":{"0":{"start":{"line":2,"column":0},"end":{"line":2,"column":36}},"1":{"start":{"line":3,"column":0},"end":{"line":3,"column":40}},"2":{"start":{"line":5,"column":14},"end":{"line":21,"column":2}},"3":{"start":{"line":29,"column":27},"end":{"line":54,"column":1}},"4":{"start":{"line":30,"column":44},"end":{"line":30,"column":49}},"5":{"start":{"line":32,"column":2},"end":{"line":53,"column":4}},"6":{"start":{"line":29,"column":13},"end":{"line":29,"column":27}}},"fnMap":{"0":{"name":"(anonymous_0)","decl":{"start":{"line":29,"column":27},"end":{"line":29,"column":28}},"loc":{"start":{"line":29,"column":44},"end":{"line":54,"column":1}}}},"branchMap":{},"s":{"0":4,"1":4,"2":4,"3":4,"4":34,"5":34,"6":4},"f":{"0":34},"b":{}}
,"C:\\repository\\assa\\monorepo-task-manager\\apps\\task-web\\src\\components\\Navbar\\index.tsx": {"path":"C:\\repository\\assa\\monorepo-task-manager\\apps\\task-web\\src\\components\\Navbar\\index.tsx","statementMap":{"0":{"start":{"line":1,"column":0},"end":{"line":1,"column":48}},"1":{"start":{"line":2,"column":0},"end":{"line":2,"column":47}},"2":{"start":{"line":4,"column":0},"end":{"line":4,"column":41}},"3":{"start":{"line":10,"column":15},"end":{"line":59,"column":1}},"4":{"start":{"line":11,"column":20},"end":{"line":11,"column":25}},"5":{"start":{"line":13,"column":19},"end":{"line":13,"column":32}},"6":{"start":{"line":15,"column":25},"end":{"line":17,"column":3}},"7":{"start":{"line":16,"column":4},"end":{"line":16,"column":22}},"8":{"start":{"line":19,"column":2},"end":{"line":58,"column":4}},"9":{"start":{"line":61,"column":0},"end":{"line":61,"column":22}}},"fnMap":{"0":{"name":"(anonymous_0)","decl":{"start":{"line":10,"column":15},"end":{"line":10,"column":16}},"loc":{"start":{"line":10,"column":32},"end":{"line":59,"column":1}}},"1":{"name":"(anonymous_1)","decl":{"start":{"line":15,"column":25},"end":{"line":15,"column":28}},"loc":{"start":{"line":15,"column":30},"end":{"line":17,"column":3}}}},"branchMap":{},"s":{"0":1,"1":1,"2":1,"3":1,"4":2,"5":2,"6":2,"7":1,"8":2,"9":1},"f":{"0":2,"1":1},"b":{}}
,"C:\\repository\\assa\\monorepo-task-manager\\apps\\task-web\\src\\components\\TaskList\\index.tsx": {"path":"C:\\repository\\assa\\monorepo-task-manager\\apps\\task-web\\src\\components\\TaskList\\index.tsx","statementMap":{"0":{"start":{"line":1,"column":0},"end":{"line":1,"column":61}},"1":{"start":{"line":3,"column":0},"end":{"line":3,"column":50}},"2":{"start":{"line":5,"column":0},"end":{"line":5,"column":43}},"3":{"start":{"line":7,"column":24},"end":{"line":38,"column":1}},"4":{"start":{"line":8,"column":16},"end":{"line":8,"column":54}},"5":{"start":{"line":8,"column":42},"end":{"line":8,"column":53}},"6":{"start":{"line":10,"column":2},"end":{"line":37,"column":4}},"7":{"start":{"line":19,"column":24},"end":{"line":19,"column":54}},"8":{"start":{"line":21,"column":8},"end":{"line":34,"column":10}},"9":{"start":{"line":7,"column":13},"end":{"line":7,"column":24}}},"fnMap":{"0":{"name":"(anonymous_0)","decl":{"start":{"line":7,"column":24},"end":{"line":7,"column":27}},"loc":{"start":{"line":7,"column":29},"end":{"line":38,"column":1}}},"1":{"name":"(anonymous_1)","decl":{"start":{"line":8,"column":31},"end":{"line":8,"column":32}},"loc":{"start":{"line":8,"column":42},"end":{"line":8,"column":53}}},"2":{"name":"(anonymous_2)","decl":{"start":{"line":18,"column":17},"end":{"line":18,"column":18}},"loc":{"start":{"line":18,"column":39},"end":{"line":35,"column":7}}}},"branchMap":{},"s":{"0":1,"1":1,"2":1,"3":1,"4":5,"5":1,"6":5,"7":8,"8":8,"9":1},"f":{"0":5,"1":1,"2":8},"b":{}}
}
