TN:
SF:apps\task-web\src\components\Button\index.tsx
FN:7,(anonymous_0)
FN:40,(anonymous_1)
FN:66,(anonymous_2)
FNF:3
FNH:3
FNDA:26,(anonymous_0)
FNDA:26,(anonymous_1)
FNDA:26,(anonymous_2)
DA:2,5
DA:3,5
DA:7,5
DA:8,26
DA:10,8
DA:19,11
DA:27,7
DA:38,5
DA:40,26
DA:66,5
DA:73,26
LF:11
LH:11
BRDA:8,0,0,8
BRDA:8,0,1,11
BRDA:8,0,2,7
BRDA:67,1,0,4
BRDA:68,2,0,25
BRF:5
BRH:5
end_of_record
TN:
SF:apps\task-web\src\components\CreateNewTask\index.tsx
FN:10,(anonymous_0)
FN:18,(anonymous_1)
FN:22,(anonymous_2)
FN:27,(anonymous_3)
FN:32,(anonymous_4)
FNF:5
FNH:5
FNDA:13,(anonymous_0)
FNDA:4,(anonymous_1)
FNDA:1,(anonymous_2)
FNDA:2,(anonymous_3)
FNDA:2,(anonymous_4)
DA:1,1
DA:2,1
DA:4,1
DA:5,1
DA:6,1
DA:7,1
DA:8,1
DA:10,1
DA:11,13
DA:13,13
DA:14,13
DA:16,13
DA:18,13
DA:19,4
DA:22,13
DA:23,1
DA:24,1
DA:27,13
DA:28,2
DA:29,2
DA:32,13
DA:33,2
DA:35,1
DA:37,1
DA:38,1
DA:39,1
DA:42,13
LF:27
LH:27
BRDA:33,0,0,1
BRDA:33,0,1,1
BRF:2
BRH:2
end_of_record
TN:
SF:apps\task-web\src\components\CustomAvatar\index.tsx
FN:11,(anonymous_0)
FN:15,(anonymous_1)
FN:19,(anonymous_2)
FNF:3
FNH:3
FNDA:5,(anonymous_0)
FNDA:1,(anonymous_1)
FNDA:1,(anonymous_2)
DA:1,1
DA:2,1
DA:4,1
DA:11,1
DA:12,5
DA:13,5
DA:15,5
DA:16,1
DA:19,5
DA:20,1
DA:23,5
LF:11
LH:11
BRDA:25,0,0,5
BRDA:25,0,1,3
BRF:2
BRH:2
end_of_record
TN:
SF:apps\task-web\src\components\CustomAvatar\utils\avatarFromName.ts
FN:1,stringToColor
FN:21,stringAvatar
FNF:2
FNH:2
FNDA:5,stringToColor
FNDA:5,stringAvatar
DA:1,1
DA:2,5
DA:6,5
DA:7,40
DA:10,5
DA:12,5
DA:13,15
DA:14,15
DA:18,5
DA:21,1
DA:22,5
LF:11
LH:11
BRF:0
BRH:0
end_of_record
TN:
SF:apps\task-web\src\components\DeleteTask\index.tsx
FN:13,(anonymous_0)
FN:20,(anonymous_1)
FN:24,(anonymous_2)
FN:28,(anonymous_3)
FNF:4
FNH:4
FNDA:16,(anonymous_0)
FNDA:3,(anonymous_1)
FNDA:1,(anonymous_2)
FNDA:1,(anonymous_3)
DA:1,2
DA:2,2
DA:4,2
DA:5,2
DA:6,2
DA:7,2
DA:13,2
DA:14,16
DA:16,16
DA:18,16
DA:20,16
DA:21,3
DA:24,16
DA:25,1
DA:28,16
DA:29,1
DA:32,16
LF:17
LH:17
BRF:0
BRH:0
end_of_record
TN:
SF:apps\task-web\src\components\EmptyTaskMessage\index.tsx
FN:4,(anonymous_0)
FNF:1
FNH:1
FNDA:1,(anonymous_0)
DA:1,1
DA:2,1
DA:4,1
DA:5,1
LF:4
LH:4
BRF:0
BRH:0
end_of_record
TN:
SF:apps\task-web\src\components\IcoButton\index.tsx
FN:8,(anonymous_0)
FN:41,(anonymous_1)
FN:62,(anonymous_2)
FN:69,(anonymous_3)
FNF:4
FNH:4
FNDA:41,(anonymous_0)
FNDA:41,(anonymous_1)
FNDA:41,(anonymous_2)
FNDA:483,(anonymous_3)
DA:2,4
DA:3,4
DA:4,4
DA:8,4
DA:9,41
DA:11,21
DA:19,18
DA:27,2
DA:38,4
DA:41,41
DA:62,4
DA:69,483
DA:71,41
LF:13
LH:13
BRDA:9,0,0,21
BRDA:9,0,1,18
BRDA:9,0,2,2
BRDA:73,1,0,41
BRDA:73,1,1,41
BRDA:73,1,2,12
BRF:6
BRH:6
end_of_record
TN:
SF:apps\task-web\src\components\InputText\index.tsx
FN:10,(anonymous_0)
FNF:1
FNH:1
FNDA:11,(anonymous_0)
DA:2,2
DA:10,2
DA:11,11
DA:12,11
LF:4
LH:4
BRDA:20,0,0,11
BRDA:20,0,1,2
BRF:2
BRH:2
end_of_record
TN:
SF:apps\task-web\src\components\Layout\index.tsx
FN:4,Layout
FNF:1
FNH:1
FNDA:1,Layout
DA:2,1
DA:4,1
DA:5,1
LF:3
LH:3
BRF:0
BRH:0
end_of_record
TN:
SF:apps\task-web\src\components\Loading\index.tsx
FN:3,(anonymous_0)
FNF:1
FNH:1
FNDA:1,(anonymous_0)
DA:1,1
DA:3,1
DA:4,1
LF:3
LH:3
BRF:0
BRH:0
end_of_record
TN:
SF:apps\task-web\src\components\Modal\index.tsx
FN:29,(anonymous_0)
FNF:1
FNH:1
FNDA:34,(anonymous_0)
DA:2,4
DA:3,4
DA:5,4
DA:29,4
DA:30,34
DA:32,34
LF:6
LH:6
BRF:0
BRH:0
end_of_record
TN:
SF:apps\task-web\src\components\Navbar\index.tsx
FN:10,(anonymous_0)
FN:15,(anonymous_1)
FNF:2
FNH:2
FNDA:2,(anonymous_0)
FNDA:1,(anonymous_1)
DA:1,1
DA:2,1
DA:4,1
DA:10,1
DA:11,2
DA:13,2
DA:15,2
DA:16,1
DA:19,2
DA:61,1
LF:10
LH:10
BRF:0
BRH:0
end_of_record
TN:
SF:apps\task-web\src\components\TaskList\index.tsx
FN:7,(anonymous_0)
FN:8,(anonymous_1)
FN:18,(anonymous_2)
FNF:3
FNH:3
FNDA:5,(anonymous_0)
FNDA:1,(anonymous_1)
FNDA:8,(anonymous_2)
DA:1,1
DA:3,1
DA:5,1
DA:7,1
DA:8,5
DA:10,5
DA:19,8
DA:21,8
LF:8
LH:8
BRF:0
BRH:0
end_of_record
